# JRE version: Java(TM) SE Runtime Environment (7.0_80-b15) (build 1.7.0_80-b15)
# Java VM: Java HotSpot(TM) 64-Bit Server VM (24.80-b11 mixed mode windows-amd64 compressed oops)
Heap
 PSYoungGen      total 582656K, used 6958K [0x00000000dae80000, 0x00000000ff780000, 0x0000000100000000)
  eden space 568320K, 1% used [0x00000000dae80000,0x00000000db54ba98,0x00000000fd980000)
  from space 14336K, 0% used [0x00000000fd980000,0x00000000fd980000,0x00000000fe780000)
  to   space 13824K, 0% used [0x00000000fea00000,0x00000000fea00000,0x00000000ff780000)
 ParOldGen       total 1214976K, used 42140K [0x0000000090c00000, 0x00000000dae80000, 0x00000000dae80000)
  object space 1214976K, 3% used [0x0000000090c00000,0x0000000093527238,0x00000000dae80000)
 PSPermGen       total 83968K, used 83965K [0x000000008ba00000, 0x0000000090c00000, 0x0000000090c00000)
  object space 83968K, 99% used [0x000000008ba00000,0x0000000090bff580,0x0000000090c00000)
GC Heap History (10 events):
Event: 388.633 GC heap before
{Heap before GC invocations=52 (full 19):
 PSYoungGen      total 582144K, used 64K [0x00000000dae80000, 0x00000000ff800000, 0x0000000100000000)
  eden space 565760K, 0% used [0x00000000dae80000,0x00000000dae80000,0x00000000fd700000)
  from space 16384K, 0% used [0x00000000fd700000,0x00000000fd710000,0x00000000fe700000)
  to   space 15360K, 0% used [0x00000000fe900000,0x00000000fe900000,0x00000000ff800000)
 ParOldGen       total 1214976K, used 42280K [0x0000000090c00000, 0x00000000dae80000, 0x00000000dae80000)
  object space 1214976K, 3% used [0x0000000090c00000,0x000000009354a0f8,0x00000000dae80000)
 PSPermGen       total 83968K, used 83967K [0x000000008ba00000, 0x0000000090c00000, 0x0000000090c00000)
  object space 83968K, 99% used [0x000000008ba00000,0x0000000090bfffd0,0x0000000090c00000)
Event: 388.950 GC heap after
Heap after GC invocations=52 (full 19):
 PSYoungGen      total 582144K, used 0K [0x00000000dae80000, 0x00000000ff800000, 0x0000000100000000)
  eden space 565760K, 0% used [0x00000000dae80000,0x00000000dae80000,0x00000000fd700000)
  from space 16384K, 0% used [0x00000000fd700000,0x00000000fd700000,0x00000000fe700000)
  to   space 15360K, 0% used [0x00000000fe900000,0x00000000fe900000,0x00000000ff800000)
 ParOldGen       total 1214976K, used 42128K [0x0000000090c00000, 0x00000000dae80000, 0x00000000dae80000)
  object space 1214976K, 3% used [0x0000000090c00000,0x00000000935240e8,0x00000000dae80000)
 PSPermGen       total 83968K, used 83956K [0x000000008ba00000, 0x0000000090c00000, 0x0000000090c00000)
  object space 83968K, 99% used [0x000000008ba00000,0x0000000090bfd2a8,0x0000000090c00000)
}
Event: 442.437 GC heap before
{Heap before GC invocations=53 (full 19):
 PSYoungGen      total 582144K, used 24474K [0x00000000dae80000, 0x00000000ff800000, 0x0000000100000000)
  eden space 565760K, 4% used [0x00000000dae80000,0x00000000dc666a20,0x00000000fd700000)
  from space 16384K, 0% used [0x00000000fd700000,0x00000000fd700000,0x00000000fe700000)
  to   space 15360K, 0% used [0x00000000fe900000,0x00000000fe900000,0x00000000ff800000)
 ParOldGen       total 1214976K, used 42128K [0x0000000090c00000, 0x00000000dae80000, 0x00000000dae80000)
  object space 1214976K, 3% used [0x0000000090c00000,0x00000000935240e8,0x00000000dae80000)
 PSPermGen       total 83968K, used 83965K [0x000000008ba00000, 0x0000000090c00000, 0x0000000090c00000)
  object space 83968K, 99% used [0x000000008ba00000,0x0000000090bff5c0,0x0000000090c00000)
Event: 442.447 GC heap after
Heap after GC invocations=53 (full 19):
 PSYoungGen      total 581120K, used 128K [0x00000000dae80000, 0x00000000ff580000, 0x0000000100000000)
  eden space 568320K, 0% used [0x00000000dae80000,0x00000000dae80000,0x00000000fd980000)
  from space 12800K, 1% used [0x00000000fe900000,0x00000000fe920000,0x00000000ff580000)
  to   space 14336K, 0% used [0x00000000fd980000,0x00000000fd980000,0x00000000fe780000)
 ParOldGen       total 1214976K, used 42128K [0x0000000090c00000, 0x00000000dae80000, 0x00000000dae80000)
  object space 1214976K, 3% used [0x0000000090c00000,0x00000000935240e8,0x00000000dae80000)
 PSPermGen       total 83968K, used 83965K [0x000000008ba00000, 0x0000000090c00000, 0x0000000090c00000)
  object space 83968K, 99% used [0x000000008ba00000,0x0000000090bff5c0,0x0000000090c00000)
}
Event: 442.447 GC heap before
{Heap before GC invocations=54 (full 20):
 PSYoungGen      total 581120K, used 128K [0x00000000dae80000, 0x00000000ff580000, 0x0000000100000000)
  eden space 568320K, 0% used [0x00000000dae80000,0x00000000dae80000,0x00000000fd980000)
  from space 12800K, 1% used [0x00000000fe900000,0x00000000fe920000,0x00000000ff580000)
  to   space 14336K, 0% used [0x00000000fd980000,0x00000000fd980000,0x00000000fe780000)
 ParOldGen       total 1214976K, used 42128K [0x0000000090c00000, 0x00000000dae80000, 0x00000000dae80000)
  object space 1214976K, 3% used [0x0000000090c00000,0x00000000935240e8,0x00000000dae80000)
 PSPermGen       total 83968K, used 83965K [0x000000008ba00000, 0x0000000090c00000, 0x0000000090c00000)
  object space 83968K, 99% used [0x000000008ba00000,0x0000000090bff5c0,0x0000000090c00000)
Event: 442.958 GC heap after
Heap after GC invocations=54 (full 20):
 PSYoungGen      total 581120K, used 0K [0x00000000dae80000, 0x00000000ff580000, 0x0000000100000000)
  eden space 568320K, 0% used [0x00000000dae80000,0x00000000dae80000,0x00000000fd980000)
  from space 12800K, 0% used [0x00000000fe900000,0x00000000fe900000,0x00000000ff580000)
  to   space 14336K, 0% used [0x00000000fd980000,0x00000000fd980000,0x00000000fe780000)
 ParOldGen       total 1214976K, used 42143K [0x0000000090c00000, 0x00000000dae80000, 0x00000000dae80000)
  object space 1214976K, 3% used [0x0000000090c00000,0x0000000093527d70,0x00000000dae80000)
 PSPermGen       total 83968K, used 83965K [0x000000008ba00000, 0x0000000090c00000, 0x0000000090c00000)
  object space 83968K, 99% used [0x000000008ba00000,0x0000000090bff580,0x0000000090c00000)
}
Event: 442.958 GC heap before
{Heap before GC invocations=55 (full 20):
 PSYoungGen      total 581120K, used 0K [0x00000000dae80000, 0x00000000ff580000, 0x0000000100000000)
  eden space 568320K, 0% used [0x00000000dae80000,0x00000000dae80000,0x00000000fd980000)
  from space 12800K, 0% used [0x00000000fe900000,0x00000000fe900000,0x00000000ff580000)
  to   space 14336K, 0% used [0x00000000fd980000,0x00000000fd980000,0x00000000fe780000)
 ParOldGen       total 1214976K, used 42143K [0x0000000090c00000, 0x00000000dae80000, 0x00000000dae80000)
  object space 1214976K, 3% used [0x0000000090c00000,0x0000000093527d70,0x00000000dae80000)
 PSPermGen       total 83968K, used 83965K [0x000000008ba00000, 0x0000000090c00000, 0x0000000090c00000)
  object space 83968K, 99% used [0x000000008ba00000,0x0000000090bff580,0x0000000090c00000)
Event: 442.964 GC heap after
Heap after GC invocations=55 (full 20):
 PSYoungGen      total 582656K, used 0K [0x00000000dae80000, 0x00000000ff780000, 0x0000000100000000)
  eden space 568320K, 0% used [0x00000000dae80000,0x00000000dae80000,0x00000000fd980000)
  from space 14336K, 0% used [0x00000000fd980000,0x00000000fd980000,0x00000000fe780000)
  to   space 13824K, 0% used [0x00000000fea00000,0x00000000fea00000,0x00000000ff780000)
 ParOldGen       total 1214976K, used 42143K [0x0000000090c00000, 0x00000000dae80000, 0x00000000dae80000)
  object space 1214976K, 3% used [0x0000000090c00000,0x0000000093527d70,0x00000000dae80000)
 PSPermGen       total 83968K, used 83965K [0x000000008ba00000, 0x0000000090c00000, 0x0000000090c00000)
  object space 83968K, 99% used [0x000000008ba00000,0x0000000090bff580,0x0000000090c00000)
}
Event: 442.964 GC heap before
{Heap before GC invocations=56 (full 21):
 PSYoungGen      total 582656K, used 0K [0x00000000dae80000, 0x00000000ff780000, 0x0000000100000000)
  eden space 568320K, 0% used [0x00000000dae80000,0x00000000dae80000,0x00000000fd980000)
  from space 14336K, 0% used [0x00000000fd980000,0x00000000fd980000,0x00000000fe780000)
  to   space 13824K, 0% used [0x00000000fea00000,0x00000000fea00000,0x00000000ff780000)
 ParOldGen       total 1214976K, used 42143K [0x0000000090c00000, 0x00000000dae80000, 0x00000000dae80000)
  object space 1214976K, 3% used [0x0000000090c00000,0x0000000093527d70,0x00000000dae80000)
 PSPermGen       total 83968K, used 83965K [0x000000008ba00000, 0x0000000090c00000, 0x0000000090c00000)
  object space 83968K, 99% used [0x000000008ba00000,0x0000000090bff580,0x0000000090c00000)
Event: 443.548 GC heap after
Heap after GC invocations=56 (full 21):
 PSYoungGen      total 582656K, used 0K [0x00000000dae80000, 0x00000000ff780000, 0x0000000100000000)
  eden space 568320K, 0% used [0x00000000dae80000,0x00000000dae80000,0x00000000fd980000)
  from space 14336K, 0% used [0x00000000fd980000,0x00000000fd980000,0x00000000fe780000)
  to   space 13824K, 0% used [0x00000000fea00000,0x00000000fea00000,0x00000000ff780000)
 ParOldGen       total 1214976K, used 42140K [0x0000000090c00000, 0x00000000dae80000, 0x00000000dae80000)
  object space 1214976K, 3% used [0x0000000090c00000,0x0000000093527238,0x00000000dae80000)
 PSPermGen       total 83968K, used 83965K [0x000000008ba00000, 0x0000000090c00000, 0x0000000090c00000)
  object space 83968K, 99% used [0x000000008ba00000,0x0000000090bff580,0x0000000090c00000)
}

